<?xml version="1.0" encoding="UTF-8"?>
<!-- Generated by org.testng.reporters.JUnitXMLReporter -->
<testsuite hostname="ChaNu-PC" ignored="0" name="Test1" tests="5" failures="3" timestamp="30 Sep 2018 17:15:47 GMT" time="22.772" errors="0">
  <testcase name="test1" time="2.621" classname="testngparalleltesting.TestNG_Parallel_Test_Demo">
    <failure type="org.openqa.selenium.remote.UnreachableBrowserException" message="Could not start a new session. Possible causes are invalid address of the remote server or browser start-up failure.
Build info: version: &amp;apos;3.14.0&amp;apos;, revision: &amp;apos;aacccce0&amp;apos;, time: &amp;apos;2018-08-02T20:19:58.91Z&amp;apos;
System info: host: &amp;apos;CHANU-PC&amp;apos;, ip: &amp;apos;192.168.44.1&amp;apos;, os.name: &amp;apos;Windows 8&amp;apos;, os.arch: &amp;apos;amd64&amp;apos;, os.version: &amp;apos;6.2&amp;apos;, java.version: &amp;apos;1.8.0_161&amp;apos;
Driver info: driver.version: ChromeDriver">
      <![CDATA[org.openqa.selenium.remote.UnreachableBrowserException: Could not start a new session. Possible causes are invalid address of the remote server or browser start-up failure.
Build info: version: '3.14.0', revision: 'aacccce0', time: '2018-08-02T20:19:58.91Z'
System info: host: 'CHANU-PC', ip: '192.168.44.1', os.name: 'Windows 8', os.arch: 'amd64', os.version: '6.2', java.version: '1.8.0_161'
Driver info: driver.version: ChromeDriver
at org.openqa.selenium.remote.RemoteWebDriver.execute(RemoteWebDriver.java:569)
at org.openqa.selenium.remote.RemoteWebDriver.startSession(RemoteWebDriver.java:212)
at org.openqa.selenium.remote.RemoteWebDriver.<init>(RemoteWebDriver.java:130)
at org.openqa.selenium.chrome.ChromeDriver.<init>(ChromeDriver.java:181)
at org.openqa.selenium.chrome.ChromeDriver.<init>(ChromeDriver.java:168)
at org.openqa.selenium.chrome.ChromeDriver.<init>(ChromeDriver.java:123)
at testngparalleltesting.TestNG_Parallel_Test_Demo.test1(TestNG_Parallel_Test_Demo.java:16)
at java.util.concurrent.FutureTask.run(Unknown Source)
at java.util.concurrent.ThreadPoolExecutor.runWorker(Unknown Source)
at java.util.concurrent.ThreadPoolExecutor$Worker.run(Unknown Source)
at java.lang.Thread.run(Unknown Source)
Caused by: java.lang.RuntimeException: java.lang.InterruptedException
at org.openqa.selenium.net.UrlChecker.waitUntilAvailable(UrlChecker.java:106)
at org.openqa.selenium.remote.service.DriverService.waitUntilAvailable(DriverService.java:188)
at org.openqa.selenium.remote.service.DriverService.start(DriverService.java:179)
at org.openqa.selenium.remote.service.DriverCommandExecutor.execute(DriverCommandExecutor.java:79)
at org.openqa.selenium.remote.RemoteWebDriver.execute(RemoteWebDriver.java:548)
... 25 more
Caused by: java.lang.InterruptedException
at java.util.concurrent.FutureTask.awaitDone(Unknown Source)
at java.util.concurrent.FutureTask.get(Unknown Source)
at com.google.common.util.concurrent.SimpleTimeLimiter.callWithTimeout(SimpleTimeLimiter.java:156)
at org.openqa.selenium.net.UrlChecker.waitUntilAvailable(UrlChecker.java:75)
... 29 more
... Removed 15 stack frames]]>
    </failure>
  </testcase> <!-- test1 -->
  <testcase name="test1" time="2.626" classname="testngparalleltesting.TestNG_Parallel_Test_Demo">
    <failure type="org.openqa.selenium.remote.UnreachableBrowserException" message="Could not start a new session. Possible causes are invalid address of the remote server or browser start-up failure.
Build info: version: &amp;apos;3.14.0&amp;apos;, revision: &amp;apos;aacccce0&amp;apos;, time: &amp;apos;2018-08-02T20:19:58.91Z&amp;apos;
System info: host: &amp;apos;CHANU-PC&amp;apos;, ip: &amp;apos;192.168.44.1&amp;apos;, os.name: &amp;apos;Windows 8&amp;apos;, os.arch: &amp;apos;amd64&amp;apos;, os.version: &amp;apos;6.2&amp;apos;, java.version: &amp;apos;1.8.0_161&amp;apos;
Driver info: driver.version: ChromeDriver">
      <![CDATA[org.openqa.selenium.remote.UnreachableBrowserException: Could not start a new session. Possible causes are invalid address of the remote server or browser start-up failure.
Build info: version: '3.14.0', revision: 'aacccce0', time: '2018-08-02T20:19:58.91Z'
System info: host: 'CHANU-PC', ip: '192.168.44.1', os.name: 'Windows 8', os.arch: 'amd64', os.version: '6.2', java.version: '1.8.0_161'
Driver info: driver.version: ChromeDriver
at org.openqa.selenium.remote.RemoteWebDriver.execute(RemoteWebDriver.java:569)
at org.openqa.selenium.remote.RemoteWebDriver.startSession(RemoteWebDriver.java:212)
at org.openqa.selenium.remote.RemoteWebDriver.<init>(RemoteWebDriver.java:130)
at org.openqa.selenium.chrome.ChromeDriver.<init>(ChromeDriver.java:181)
at org.openqa.selenium.chrome.ChromeDriver.<init>(ChromeDriver.java:168)
at org.openqa.selenium.chrome.ChromeDriver.<init>(ChromeDriver.java:123)
at testngparalleltesting.TestNG_Parallel_Test_Demo.test1(TestNG_Parallel_Test_Demo.java:16)
at java.util.concurrent.FutureTask.run(Unknown Source)
at java.util.concurrent.ThreadPoolExecutor.runWorker(Unknown Source)
at java.util.concurrent.ThreadPoolExecutor$Worker.run(Unknown Source)
at java.lang.Thread.run(Unknown Source)
Caused by: java.lang.RuntimeException: java.lang.InterruptedException
at org.openqa.selenium.net.UrlChecker.waitUntilAvailable(UrlChecker.java:106)
at org.openqa.selenium.remote.service.DriverService.waitUntilAvailable(DriverService.java:188)
at org.openqa.selenium.remote.service.DriverService.start(DriverService.java:179)
at org.openqa.selenium.remote.service.DriverCommandExecutor.execute(DriverCommandExecutor.java:79)
at org.openqa.selenium.remote.RemoteWebDriver.execute(RemoteWebDriver.java:548)
... 25 more
Caused by: java.lang.InterruptedException
at java.util.concurrent.FutureTask.awaitDone(Unknown Source)
at java.util.concurrent.FutureTask.get(Unknown Source)
at com.google.common.util.concurrent.SimpleTimeLimiter.callWithTimeout(SimpleTimeLimiter.java:156)
at org.openqa.selenium.net.UrlChecker.waitUntilAvailable(UrlChecker.java:75)
... 29 more
... Removed 15 stack frames]]>
    </failure>
  </testcase> <!-- test1 -->
  <testcase name="test1" time="2.626" classname="testngparalleltesting.TestNG_Parallel_Test_Demo">
    <failure type="org.openqa.selenium.remote.UnreachableBrowserException" message="Could not start a new session. Possible causes are invalid address of the remote server or browser start-up failure.
Build info: version: &amp;apos;3.14.0&amp;apos;, revision: &amp;apos;aacccce0&amp;apos;, time: &amp;apos;2018-08-02T20:19:58.91Z&amp;apos;
System info: host: &amp;apos;CHANU-PC&amp;apos;, ip: &amp;apos;192.168.44.1&amp;apos;, os.name: &amp;apos;Windows 8&amp;apos;, os.arch: &amp;apos;amd64&amp;apos;, os.version: &amp;apos;6.2&amp;apos;, java.version: &amp;apos;1.8.0_161&amp;apos;
Driver info: driver.version: ChromeDriver">
      <![CDATA[org.openqa.selenium.remote.UnreachableBrowserException: Could not start a new session. Possible causes are invalid address of the remote server or browser start-up failure.
Build info: version: '3.14.0', revision: 'aacccce0', time: '2018-08-02T20:19:58.91Z'
System info: host: 'CHANU-PC', ip: '192.168.44.1', os.name: 'Windows 8', os.arch: 'amd64', os.version: '6.2', java.version: '1.8.0_161'
Driver info: driver.version: ChromeDriver
at org.openqa.selenium.remote.RemoteWebDriver.execute(RemoteWebDriver.java:569)
at org.openqa.selenium.remote.RemoteWebDriver.startSession(RemoteWebDriver.java:212)
at org.openqa.selenium.remote.RemoteWebDriver.<init>(RemoteWebDriver.java:130)
at org.openqa.selenium.chrome.ChromeDriver.<init>(ChromeDriver.java:181)
at org.openqa.selenium.chrome.ChromeDriver.<init>(ChromeDriver.java:168)
at org.openqa.selenium.chrome.ChromeDriver.<init>(ChromeDriver.java:123)
at testngparalleltesting.TestNG_Parallel_Test_Demo.test1(TestNG_Parallel_Test_Demo.java:16)
at java.util.concurrent.FutureTask.run(Unknown Source)
at java.util.concurrent.ThreadPoolExecutor.runWorker(Unknown Source)
at java.util.concurrent.ThreadPoolExecutor$Worker.run(Unknown Source)
at java.lang.Thread.run(Unknown Source)
Caused by: java.lang.RuntimeException: java.lang.InterruptedException
at org.openqa.selenium.net.UrlChecker.waitUntilAvailable(UrlChecker.java:106)
at org.openqa.selenium.remote.service.DriverService.waitUntilAvailable(DriverService.java:188)
at org.openqa.selenium.remote.service.DriverService.start(DriverService.java:179)
at org.openqa.selenium.remote.service.DriverCommandExecutor.execute(DriverCommandExecutor.java:79)
at org.openqa.selenium.remote.RemoteWebDriver.execute(RemoteWebDriver.java:548)
... 25 more
Caused by: java.lang.InterruptedException
at java.util.concurrent.FutureTask.awaitDone(Unknown Source)
at java.util.concurrent.FutureTask.get(Unknown Source)
at com.google.common.util.concurrent.SimpleTimeLimiter.callWithTimeout(SimpleTimeLimiter.java:156)
at org.openqa.selenium.net.UrlChecker.waitUntilAvailable(UrlChecker.java:75)
... 29 more
... Removed 15 stack frames]]>
    </failure>
  </testcase> <!-- test1 -->
  <testcase name="test2" time="12.204" classname="testngparalleltesting.TestNG_Parallel_Test_Demo"/>
  <testcase name="test3" time="21.726" classname="testngparalleltesting.TestNG_Parallel_Test_Demo"/>
</testsuite> <!-- Test1 -->
