<?xml version="1.0" encoding="UTF-8"?>
<testng-results skipped="0" failed="0" ignored="0" total="1" passed="1">
  <reporter-output>
  </reporter-output>
  <suite name="Default suite" duration-ms="10592" started-at="2019-01-06T10:57:09Z" finished-at="2019-01-06T10:57:20Z">
    <groups>
    </groups>
    <test name="Default test" duration-ms="10592" started-at="2019-01-06T10:57:09Z" finished-at="2019-01-06T10:57:20Z">
      <class name="testNGListeners.TestNGListenerSeleniumDemo">
        <test-method status="PASS" signature="googleSearch()[pri:0, instance:testNGListeners.TestNGListenerSeleniumDemo@1bce4f0a]" name="googleSearch" duration-ms="10519" started-at="2019-01-06T10:57:09Z" finished-at="2019-01-06T10:57:20Z">
          <reporter-output>
          </reporter-output>
        </test-method> <!-- googleSearch -->
      </class> <!-- testNGListeners.TestNGListenerSeleniumDemo -->
    </test> <!-- Default test -->
  </suite> <!-- Default suite -->
</testng-results>
